1652124050115:help
1652124077163:logout
1652127290027:register
1652127734626:help
1652127739790:help register
1652127839143:register
1652128330903:register test
1652128511675:register
1652128615502:component string
1652129566572:register
1652144634599:quit
1652144740615:register
1652284344774:test
1652284346254:register
1652284352454:exit
1652284498662:register
1652284506119:login
1652284511390:help
1652288694937:quit
1652292694020:q
1652292694989:quit
1652293179779:help
1652293198835:add-bike -m mongoose -t sport -r 17.95
1652293575161:q
1652293611697:quit
1652293631033:add-bike -m mongoose -t sport -r 17.95
1652293786481:quit
1652293798371:add-bike -m mongoose -t sport -r 17.95
1652293848072:search
1652293914400:quit
1652293931488:search
1652293966433:quit
1652293985096:help search
1652294001984:search --start-date 2022-11-05 --duration 10
1652294898077:quitm
1652294899470:quit
1652294914269:search --start-date 2022-11-05 --duration 10
1652295098478:quit
1652295115197:search --start-date 2022-11-05 --duration 10
1652295220429:quit
1652295250740:search --start-date 2022-11-05 --duration 10
1652295294139:quit
1652295340988:search --start-date 2022-11-05 --duration 10
1652297810164:quit
